<?xml version="1.0" encoding="UTF-8"?>
<!-- Generated by org.testng.reporters.JUnitReportReporter -->
<testsuite hostname="DESKTOP-IVHBM7A" failures="0" tests="8" name="api.test.DDTests" time="73.739" errors="0" timestamp="2025-04-01T15:57:44 IST" skipped="0">
  <testcase classname="api.test.DDTests" name="testPostUser" time="3.494"/>
  <testcase classname="api.test.DDTests" name="testPostUser" time="3.472"/>
  <testcase classname="api.test.DDTests" name="testPostUser" time="2.836"/>
  <testcase classname="api.test.DDTests" name="testPostUser" time="3.349"/>
  <testcase classname="api.test.DDTests" name="DeleteUSer" time="13.619"/>
  <testcase classname="api.test.DDTests" name="DeleteUSer" time="14.409"/>
  <testcase classname="api.test.DDTests" name="DeleteUSer" time="5.742"/>
  <testcase classname="api.test.DDTests" name="DeleteUSer" time="26.818"/>
</testsuite> <!-- api.test.DDTests -->
