<?xml version="1.0" encoding="UTF-8"?>
<!-- Generated by org.testng.reporters.JUnitReportReporter -->
<testsuite hostname="DESKTOP-IVHBM7A" failures="0" tests="4" name="api.test.UserTest" time="61.886" errors="0" timestamp="2025-04-01T13:44:58 IST" skipped="0">
  <testcase classname="api.test.UserTest" name="TestPostUser" time="13.411"/>
  <testcase classname="api.test.UserTest" name="TestGetUser" time="13.893"/>
  <testcase classname="api.test.UserTest" name="TestUpdateUser" time="27.645"/>
  <testcase classname="api.test.UserTest" name="TestDeleteUser" time="6.937"/>
</testsuite> <!-- api.test.UserTest -->
