<?xml version="1.0" encoding="UTF-8"?>
<!-- Generated by org.testng.reporters.JUnitReportReporter -->
<testsuite hostname="DESKTOP-IVHBM7A" failures="0" tests="4" name="api.test.UserTest2" time="43.169" errors="0" timestamp="2025-04-01T15:57:44 IST" skipped="0">
  <testcase classname="api.test.UserTest2" name="TestPostUser" time="9.153"/>
  <testcase classname="api.test.UserTest2" name="TestGetUser" time="6.454"/>
  <testcase classname="api.test.UserTest2" name="TestUpdateUser" time="18.578"/>
  <testcase classname="api.test.UserTest2" name="TestDeleteUser" time="8.984"/>
</testsuite> <!-- api.test.UserTest2 -->
