<?xml version="1.0" encoding="UTF-8"?>
<!-- Generated by org.testng.reporters.JUnitReportReporter -->
<testsuite hostname="DESKTOP-IVHBM7A" failures="0" tests="4" name="api.test.UserTest2" time="77.006" errors="0" timestamp="2025-04-02T15:10:52 IST" skipped="0">
  <testcase classname="api.test.UserTest2" name="TestPostUser" time="14.385"/>
  <testcase classname="api.test.UserTest2" name="TestGetUser" time="12.484"/>
  <testcase classname="api.test.UserTest2" name="TestUpdateUser" time="43.016"/>
  <testcase classname="api.test.UserTest2" name="TestDeleteUser" time="7.121"/>
</testsuite> <!-- api.test.UserTest2 -->
