<?xml version="1.0" encoding="UTF-8"?>
<!-- Generated by org.testng.reporters.JUnitReportReporter -->
<testsuite hostname="DESKTOP-IVHBM7A" failures="0" tests="4" name="api.test.UserTest2" time="50.680" errors="0" timestamp="2025-04-03T18:21:09 IST" skipped="0">
  <testcase classname="api.test.UserTest2" name="TestPostUser" time="12.811"/>
  <testcase classname="api.test.UserTest2" name="TestGetUser" time="17.726"/>
  <testcase classname="api.test.UserTest2" name="TestUpdateUser" time="14.905"/>
  <testcase classname="api.test.UserTest2" name="TestDeleteUser" time="5.238"/>
</testsuite> <!-- api.test.UserTest2 -->
